d:\visual_lab_3sem\course_project_mai_2024\mai2024\mai_2024\debug\vc143.pdb
d:\visual_lab_3sem\course_project_mai_2024\mai2024\mai_2024\debug\vc143.idb
d:\visual_lab_3sem\course_project_mai_2024\mai2024\mai_2024\debug\split.obj
d:\visual_lab_3sem\course_project_mai_2024\mai2024\mai_2024\debug\semanticanalys.obj
d:\visual_lab_3sem\course_project_mai_2024\mai2024\mai_2024\debug\polish.obj
d:\visual_lab_3sem\course_project_mai_2024\mai2024\mai_2024\debug\parm.obj
d:\visual_lab_3sem\course_project_mai_2024\mai2024\mai_2024\debug\mfst.obj
d:\visual_lab_3sem\course_project_mai_2024\mai2024\mai_2024\debug\mai_2024.obj
d:\visual_lab_3sem\course_project_mai_2024\mai2024\mai_2024\debug\lt.obj
d:\visual_lab_3sem\course_project_mai_2024\mai2024\mai_2024\debug\log.obj
d:\visual_lab_3sem\course_project_mai_2024\mai2024\mai_2024\debug\lexicalanalys.obj
d:\visual_lab_3sem\course_project_mai_2024\mai2024\mai_2024\debug\it.obj
d:\visual_lab_3sem\course_project_mai_2024\mai2024\mai_2024\debug\in.obj
d:\visual_lab_3sem\course_project_mai_2024\mai2024\mai_2024\debug\greibach.obj
d:\visual_lab_3sem\course_project_mai_2024\mai2024\mai_2024\debug\ffst.obj
d:\visual_lab_3sem\course_project_mai_2024\mai2024\mai_2024\debug\error.obj
d:\visual_lab_3sem\course_project_mai_2024\mai2024\mai_2024\debug\codegeneration.obj
d:\visual_lab_3sem\course_project_mai_2024\mai2024\mai_2024\debug\mai_2024.exe
d:\visual_lab_3sem\course_project_mai_2024\mai2024\mai_2024\debug\mai_2024.ilk
d:\visual_lab_3sem\course_project_mai_2024\mai2024\mai_2024\debug\mai_2024.pdb
d:\visual_lab_3sem\course_project_mai_2024\mai2024\mai_2024\debug\mai_2024.tlog\cl.command.1.tlog
d:\visual_lab_3sem\course_project_mai_2024\mai2024\mai_2024\debug\mai_2024.tlog\cl.items.tlog
d:\visual_lab_3sem\course_project_mai_2024\mai2024\mai_2024\debug\mai_2024.tlog\cl.read.1.tlog
d:\visual_lab_3sem\course_project_mai_2024\mai2024\mai_2024\debug\mai_2024.tlog\cl.write.1.tlog
d:\visual_lab_3sem\course_project_mai_2024\mai2024\mai_2024\debug\mai_2024.tlog\link.command.1.tlog
d:\visual_lab_3sem\course_project_mai_2024\mai2024\mai_2024\debug\mai_2024.tlog\link.read.1.tlog
d:\visual_lab_3sem\course_project_mai_2024\mai2024\mai_2024\debug\mai_2024.tlog\link.write.1.tlog
