Сборка начата 17.12.2024 22:55:22.
Уровень детализации журнала: Normal.     1>Проект "D:\Visual_Lab_3sem\Course_Project_MAI_2024\MAI2024\StandartLib\StandartLib.vcxproj" в узле 2 (целевые объекты Build).
     1>InitializeBuildStatus:
         Создание "Debug\StandartLib.tlog\unsuccessfulbuild", так как было задано "AlwaysCreate".
         Обращение к "Debug\StandartLib.tlog\unsuccessfulbuild".
       ClCompile:
         C:\Program Files\Microsoft Visual Studio\2022\Community\VC\Tools\MSVC\14.37.32822\bin\HostX86\x86\CL.exe /c /ZI /JMC /nologo /W3 /WX- /diagnostics:column /sdl /Od /Oy- /D WIN32 /D _DEBUG /D _LIB /D _UNICODE /D UNICODE /Gm- /EHsc /RTC1 /MDd /GS /fp:precise /Zc:wchar_t /Zc:forScope /Zc:inline /permissive- /Yc"pch.h" /Fp"Debug\StandartLib.pch" /Fo"Debug\\" /Fd"D:\Visual_Lab_3sem\Course_Project_MAI_2024\MAI2024\MAI_2024\Debug\StandartLib.pdb" /external:W3 /Gd /TP /analyze- /FC /errorReport:prompt pch.cpp
         pch.cpp
         C:\Program Files\Microsoft Visual Studio\2022\Community\VC\Tools\MSVC\14.37.32822\bin\HostX86\x86\CL.exe /c /ZI /JMC /nologo /W3 /WX- /diagnostics:column /sdl /Od /Oy- /D WIN32 /D _DEBUG /D _LIB /D _UNICODE /D UNICODE /Gm- /EHsc /RTC1 /MDd /GS /fp:precise /Zc:wchar_t /Zc:forScope /Zc:inline /permissive- /Yu"pch.h" /Fp"Debug\StandartLib.pch" /Fo"Debug\\" /Fd"D:\Visual_Lab_3sem\Course_Project_MAI_2024\MAI2024\MAI_2024\Debug\StandartLib.pdb" /external:W3 /Gd /TP /analyze- /FC /errorReport:prompt StandartLib.cpp
         StandartLib.cpp
     1>D:\Visual_Lab_3sem\Course_Project_MAI_2024\MAI2024\StandartLib\StandartLib.cpp(23): warning C4172: возвращение адреса локальной или временной переменной : buf
       Lib:
         C:\Program Files\Microsoft Visual Studio\2022\Community\VC\Tools\MSVC\14.37.32822\bin\HostX86\x86\Lib.exe /OUT:"D:\Visual_Lab_3sem\Course_Project_MAI_2024\MAI2024\MAI_2024\Debug\StandartLib.lib" /NOLOGO /MACHINE:X86 /OUT:"D:\Visual_Lab_3sem\Course_Project_MAI_2024\MAI2024\Debug\StandartLib.lib" /MACHINE:X86 /NOLOGO Debug\pch.obj
         Debug\StandartLib.obj
         StandartLib.vcxproj -> D:\Visual_Lab_3sem\Course_Project_MAI_2024\MAI2024\MAI_2024\Debug\StandartLib.lib
       FinalizeBuildStatus:
         Файл "Debug\StandartLib.tlog\unsuccessfulbuild" удаляется.
         Обращение к "Debug\StandartLib.tlog\StandartLib.lastbuildstate".
     1>Сборка проекта "D:\Visual_Lab_3sem\Course_Project_MAI_2024\MAI2024\StandartLib\StandartLib.vcxproj" завершена (целевые объекты Build).

Сборка успешно завершена.

       "D:\Visual_Lab_3sem\Course_Project_MAI_2024\MAI2024\StandartLib\StandartLib.vcxproj" (целевой объект Build ) (1) ->
       (Целевой объект ClCompile) -> 
         D:\Visual_Lab_3sem\Course_Project_MAI_2024\MAI2024\StandartLib\StandartLib.cpp(23): warning C4172: возвращение адреса локальной или временной переменной : buf

    Предупреждений: 1
    Ошибок: 0

Прошло времени 00:00:01.33
